  Source.cpp
C:\C++\Code\Project1\Project1\hamphu.h(42,20): warning C4018: '<': signed/unsigned mismatch
C:\C++\Code\Project1\Project1\dausach.h(71,20): warning C4018: '<': signed/unsigned mismatch
C:\C++\Code\Project1\Project1\dausach.h(89,11): warning C4129: ' ': unrecognized character escape sequence
C:\C++\Code\Project1\Project1\dausach.h(91,11): warning C4129: ' ': unrecognized character escape sequence
C:\C++\Code\Project1\Project1\dausach.h(92,11): warning C4129: ' ': unrecognized character escape sequence
C:\C++\Code\Project1\Project1\dausach.h(93,11): warning C4129: ' ': unrecognized character escape sequence
C:\C++\Code\Project1\Project1\dausach.h(97,11): warning C4129: ' ': unrecognized character escape sequence
C:\C++\Code\Project1\Project1\dausach.h(98,11): warning C4129: ' ': unrecognized character escape sequence
C:\C++\Code\Project1\Project1\dausach.h(242,21): warning C4018: '<': signed/unsigned mismatch
C:\C++\Code\Project1\Project1\dausach.h(544,6): warning C4101: 'so_thu_tu': unreferenced local variable
C:\C++\Code\Project1\Project1\docgia.h(71,10): warning C4566: character represented by universal-character-name '\u1EA1' cannot be represented in the current code page (1252)
C:\C++\Code\Project1\Project1\docgia.h(71,10): warning C4566: character represented by universal-character-name '\u1EBB' cannot be represented in the current code page (1252)
C:\C++\Code\Project1\Project1\docgia.h(71,10): warning C4566: character represented by universal-character-name '\u1ECB' cannot be represented in the current code page (1252)
C:\C++\Code\Project1\Project1\docgia.h(71,10): warning C4566: character represented by universal-character-name '\u0111' cannot be represented in the current code page (1252)
C:\C++\Code\Project1\Project1\docgia.h(71,10): warning C4566: character represented by universal-character-name '\u1ED9' cannot be represented in the current code page (1252)
C:\C++\Code\Project1\Project1\docgia.h(259,11): warning C4129: ' ': unrecognized character escape sequence
C:\C++\Code\Project1\Project1\docgia.h(260,11): warning C4129: ' ': unrecognized character escape sequence
C:\C++\Code\Project1\Project1\docgia.h(261,11): warning C4129: ' ': unrecognized character escape sequence
C:\C++\Code\Project1\Project1\docgia.h(262,11): warning C4129: ' ': unrecognized character escape sequence
C:\C++\Code\Project1\Project1\docgia.h(263,11): warning C4129: ' ': unrecognized character escape sequence
C:\C++\Code\Project1\Project1\docgia.h(264,11): warning C4129: ' ': unrecognized character escape sequence
C:\C++\Code\Project1\Project1\docgia.h(265,11): warning C4129: ' ': unrecognized character escape sequence
C:\C++\Code\Project1\Project1\Source.cpp(25,28): warning C4838: conversion from 'int' to 'SHORT' requires a narrowing conversion
C:\C++\Code\Project1\Project1\Source.cpp(25,34): warning C4838: conversion from 'int' to 'SHORT' requires a narrowing conversion
C:\C++\Code\Project1\Project1\Source.cpp(681,10): warning C4129: 'N': unrecognized character escape sequence
C:\C++\Code\Project1\Project1\Source.cpp(2320,13): warning C4129: ' ': unrecognized character escape sequence
C:\C++\Code\Project1\Project1\Source.cpp(2331,13): warning C4129: ' ': unrecognized character escape sequence
C:\C++\Code\Project1\Project1\Source.cpp(2348,13): warning C4129: ' ': unrecognized character escape sequence
C:\C++\Code\Project1\Project1\Source.cpp(2361,13): warning C4129: ' ': unrecognized character escape sequence
C:\C++\Code\Project1\Project1\Source.cpp(2364,13): warning C4129: 'N': unrecognized character escape sequence
C:\C++\Code\Project1\Project1\Source.cpp(2411,13): warning C4129: ' ': unrecognized character escape sequence
C:\C++\Code\Project1\Project1\docgia.h(118): warning C4715: 'kt_ma_dg_trung': not all control paths return a value
  Project1.vcxproj -> C:\C++\Code\Project1\Debug\Project1.exe
